# JRE version: OpenJDK Runtime Environment (11.0.8+10) (build 11.0.8+10-b944.6842174)
# Java VM: OpenJDK 64-Bit Server VM (11.0.8+10-b944.6842174, mixed mode, tiered, compressed oops, g1 gc, windows-amd64)
Heap:
 garbage-first heap   total 220160K, used 153176K [0x0000000080000000, 0x0000000100000000)
  region size 1024K, 37 young (37888K), 11 survivors (11264K)
 Metaspace       used 113701K, capacity 116228K, committed 117500K, reserved 1150976K
  class space    used 13994K, capacity 14875K, committed 15180K, reserved 1048576K
GC Heap History (20 events):
Event: 19.109 GC heap before
{Heap before GC invocations=29 (full 0):
 garbage-first heap   total 183296K, used 142969K [0x0000000080000000, 0x0000000100000000)
  region size 1024K, 65 young (66560K), 6 survivors (6144K)
 Metaspace       used 92826K, capacity 94964K, committed 95228K, reserved 1132544K
  class space    used 11927K, capacity 12608K, committed 12620K, reserved 1048576K
}
Event: 19.128 GC heap after
{Heap after GC invocations=30 (full 0):
 garbage-first heap   total 183296K, used 88351K [0x0000000080000000, 0x0000000100000000)
  region size 1024K, 8 young (8192K), 8 survivors (8192K)
 Metaspace       used 92826K, capacity 94964K, committed 95228K, reserved 1132544K
  class space    used 11927K, capacity 12608K, committed 12620K, reserved 1048576K
}
Event: 29.530 GC heap before
{Heap before GC invocations=30 (full 0):
 garbage-first heap   total 183296K, used 147743K [0x0000000080000000, 0x0000000100000000)
  region size 1024K, 66 young (67584K), 8 survivors (8192K)
 Metaspace       used 98083K, capacity 100396K, committed 100604K, reserved 1136640K
  class space    used 12539K, capacity 13360K, committed 13388K, reserved 1048576K
}
Event: 29.544 GC heap after
{Heap after GC invocations=31 (full 0):
 garbage-first heap   total 183296K, used 91032K [0x0000000080000000, 0x0000000100000000)
  region size 1024K, 8 young (8192K), 8 survivors (8192K)
 Metaspace       used 98083K, capacity 100396K, committed 100604K, reserved 1136640K
  class space    used 12539K, capacity 13360K, committed 13388K, reserved 1048576K
}
Event: 31.421 GC heap before
{Heap before GC invocations=31 (full 0):
 garbage-first heap   total 183296K, used 148376K [0x0000000080000000, 0x0000000100000000)
  region size 1024K, 65 young (66560K), 8 survivors (8192K)
 Metaspace       used 98441K, capacity 100742K, committed 100860K, reserved 1136640K
  class space    used 12552K, capacity 13364K, committed 13388K, reserved 1048576K
}
Event: 31.434 GC heap after
{Heap after GC invocations=32 (full 0):
 garbage-first heap   total 183296K, used 92309K [0x0000000080000000, 0x0000000100000000)
  region size 1024K, 5 young (5120K), 5 survivors (5120K)
 Metaspace       used 98441K, capacity 100742K, committed 100860K, reserved 1136640K
  class space    used 12552K, capacity 13364K, committed 13388K, reserved 1048576K
}
Event: 35.851 GC heap before
{Heap before GC invocations=33 (full 0):
 garbage-first heap   total 183296K, used 150677K [0x0000000080000000, 0x0000000100000000)
  region size 1024K, 63 young (64512K), 5 survivors (5120K)
 Metaspace       used 102051K, capacity 104476K, committed 104700K, reserved 1140736K
  class space    used 12987K, capacity 13836K, committed 13900K, reserved 1048576K
}
Event: 35.898 GC heap after
{Heap after GC invocations=34 (full 0):
 garbage-first heap   total 183296K, used 94703K [0x0000000080000000, 0x0000000100000000)
  region size 1024K, 7 young (7168K), 7 survivors (7168K)
 Metaspace       used 102051K, capacity 104476K, committed 104700K, reserved 1140736K
  class space    used 12987K, capacity 13836K, committed 13900K, reserved 1048576K
}
Event: 37.026 GC heap before
{Heap before GC invocations=34 (full 0):
 garbage-first heap   total 183296K, used 108015K [0x0000000080000000, 0x0000000100000000)
  region size 1024K, 22 young (22528K), 7 survivors (7168K)
 Metaspace       used 102960K, capacity 105507K, committed 105724K, reserved 1140736K
  class space    used 13145K, capacity 14038K, committed 14156K, reserved 1048576K
}
Event: 37.057 GC heap after
{Heap after GC invocations=35 (full 0):
 garbage-first heap   total 220160K, used 95599K [0x0000000080000000, 0x0000000100000000)
  region size 1024K, 5 young (5120K), 5 survivors (5120K)
 Metaspace       used 102960K, capacity 105507K, committed 105724K, reserved 1140736K
  class space    used 13145K, capacity 14038K, committed 14156K, reserved 1048576K
}
Event: 1761.979 GC heap before
{Heap before GC invocations=36 (full 0):
 garbage-first heap   total 220160K, used 166255K [0x0000000080000000, 0x0000000100000000)
  region size 1024K, 74 young (75776K), 5 survivors (5120K)
 Metaspace       used 107570K, capacity 110292K, committed 110460K, reserved 1144832K
  class space    used 13463K, capacity 14410K, committed 14540K, reserved 1048576K
}
Event: 1762.395 GC heap after
{Heap after GC invocations=37 (full 0):
 garbage-first heap   total 220160K, used 96234K [0x0000000080000000, 0x0000000100000000)
  region size 1024K, 6 young (6144K), 6 survivors (6144K)
 Metaspace       used 107570K, capacity 110292K, committed 110460K, reserved 1144832K
  class space    used 13463K, capacity 14410K, committed 14540K, reserved 1048576K
}
Event: 4885.968 GC heap before
{Heap before GC invocations=37 (full 0):
 garbage-first heap   total 220160K, used 150506K [0x0000000080000000, 0x0000000100000000)
  region size 1024K, 59 young (60416K), 6 survivors (6144K)
 Metaspace       used 107632K, capacity 110356K, committed 110716K, reserved 1144832K
  class space    used 13467K, capacity 14410K, committed 14540K, reserved 1048576K
}
Event: 4886.140 GC heap after
{Heap after GC invocations=38 (full 0):
 garbage-first heap   total 220160K, used 96104K [0x0000000080000000, 0x0000000100000000)
  region size 1024K, 3 young (3072K), 3 survivors (3072K)
 Metaspace       used 107632K, capacity 110356K, committed 110716K, reserved 1144832K
  class space    used 13467K, capacity 14410K, committed 14540K, reserved 1048576K
}
Event: 5051.376 GC heap before
{Heap before GC invocations=38 (full 0):
 garbage-first heap   total 220160K, used 166760K [0x0000000080000000, 0x0000000100000000)
  region size 1024K, 73 young (74752K), 3 survivors (3072K)
 Metaspace       used 109630K, capacity 112615K, committed 112764K, reserved 1146880K
  class space    used 13708K, capacity 14712K, committed 14796K, reserved 1048576K
}
Event: 5051.448 GC heap after
{Heap after GC invocations=39 (full 0):
 garbage-first heap   total 220160K, used 100469K [0x0000000080000000, 0x0000000100000000)
  region size 1024K, 7 young (7168K), 7 survivors (7168K)
 Metaspace       used 109630K, capacity 112615K, committed 112764K, reserved 1146880K
  class space    used 13708K, capacity 14712K, committed 14796K, reserved 1048576K
}
Event: 5056.945 GC heap before
{Heap before GC invocations=39 (full 0):
 garbage-first heap   total 220160K, used 177269K [0x0000000080000000, 0x0000000100000000)
  region size 1024K, 83 young (84992K), 7 survivors (7168K)
 Metaspace       used 110965K, capacity 113873K, committed 114172K, reserved 1148928K
  class space    used 13824K, capacity 14825K, committed 14924K, reserved 1048576K
}
Event: 5057.051 GC heap after
{Heap after GC invocations=40 (full 0):
 garbage-first heap   total 220160K, used 107244K [0x0000000080000000, 0x0000000100000000)
  region size 1024K, 11 young (11264K), 11 survivors (11264K)
 Metaspace       used 110965K, capacity 113873K, committed 114172K, reserved 1148928K
  class space    used 13824K, capacity 14825K, committed 14924K, reserved 1048576K
}
Event: 5059.221 GC heap before
{Heap before GC invocations=40 (full 0):
 garbage-first heap   total 220160K, used 174828K [0x0000000080000000, 0x0000000100000000)
  region size 1024K, 76 young (77824K), 11 survivors (11264K)
 Metaspace       used 111943K, capacity 114868K, committed 114940K, reserved 1148928K
  class space    used 13897K, capacity 14880K, committed 14924K, reserved 1048576K
}
Event: 5059.643 GC heap after
{Heap after GC invocations=41 (full 0):
 garbage-first heap   total 220160K, used 121432K [0x0000000080000000, 0x0000000100000000)
  region size 1024K, 11 young (11264K), 11 survivors (11264K)
 Metaspace       used 111943K, capacity 114868K, committed 114940K, reserved 1148928K
  class space    used 13897K, capacity 14880K, committed 14924K, reserved 1048576K
}

