# JRE version: OpenJDK Runtime Environment (11.0.8+10) (build 11.0.8+10-b944.6842174)
# Java VM: OpenJDK 64-Bit Server VM (11.0.8+10-b944.6842174, mixed mode, tiered, compressed oops, g1 gc, windows-amd64)
Heap:
 garbage-first heap   total 245760K, used 109389K [0x0000000080000000, 0x0000000100000000)
  region size 1024K, 16 young (16384K), 1 survivors (1024K)
 Metaspace       used 93833K, capacity 96080K, committed 96256K, reserved 1132544K
  class space    used 11477K, capacity 12230K, committed 12288K, reserved 1048576K
GC Heap History (20 events):
Event: 24.533 GC heap before
{Heap before GC invocations=57 (full 0):
 garbage-first heap   total 193536K, used 137216K [0x0000000080000000, 0x0000000100000000)
  region size 1024K, 42 young (43008K), 4 survivors (4096K)
 Metaspace       used 83815K, capacity 85791K, committed 86144K, reserved 1124352K
  class space    used 10569K, capacity 11265K, committed 11392K, reserved 1048576K
}
Event: 24.559 GC heap after
{Heap after GC invocations=58 (full 0):
 garbage-first heap   total 193536K, used 85072K [0x0000000080000000, 0x0000000100000000)
  region size 1024K, 5 young (5120K), 5 survivors (5120K)
 Metaspace       used 83815K, capacity 85791K, committed 86144K, reserved 1124352K
  class space    used 10569K, capacity 11265K, committed 11392K, reserved 1048576K
}
Event: 25.282 GC heap before
{Heap before GC invocations=58 (full 0):
 garbage-first heap   total 193536K, used 134224K [0x0000000080000000, 0x0000000100000000)
  region size 1024K, 54 young (55296K), 5 survivors (5120K)
 Metaspace       used 84344K, capacity 86335K, committed 86656K, reserved 1124352K
  class space    used 10593K, capacity 11297K, committed 11392K, reserved 1048576K
}
Event: 25.304 GC heap after
{Heap after GC invocations=59 (full 0):
 garbage-first heap   total 193536K, used 90853K [0x0000000080000000, 0x0000000100000000)
  region size 1024K, 6 young (6144K), 6 survivors (6144K)
 Metaspace       used 84344K, capacity 86335K, committed 86656K, reserved 1124352K
  class space    used 10593K, capacity 11297K, committed 11392K, reserved 1048576K
}
Event: 26.772 GC heap before
{Heap before GC invocations=59 (full 0):
 garbage-first heap   total 193536K, used 137957K [0x0000000080000000, 0x0000000100000000)
  region size 1024K, 53 young (54272K), 6 survivors (6144K)
 Metaspace       used 86213K, capacity 88283K, committed 88448K, reserved 1126400K
  class space    used 10797K, capacity 11533K, committed 11648K, reserved 1048576K
}
Event: 26.801 GC heap after
{Heap after GC invocations=60 (full 0):
 garbage-first heap   total 193536K, used 88656K [0x0000000080000000, 0x0000000100000000)
  region size 1024K, 2 young (2048K), 2 survivors (2048K)
 Metaspace       used 86213K, capacity 88283K, committed 88448K, reserved 1126400K
  class space    used 10797K, capacity 11533K, committed 11648K, reserved 1048576K
}
Event: 76.024 GC heap before
{Heap before GC invocations=60 (full 0):
 garbage-first heap   total 193536K, used 138832K [0x0000000080000000, 0x0000000100000000)
  region size 1024K, 52 young (53248K), 2 survivors (2048K)
 Metaspace       used 90109K, capacity 92290K, committed 92544K, reserved 1130496K
  class space    used 11095K, capacity 11827K, committed 11904K, reserved 1048576K
}
Event: 76.156 GC heap after
{Heap after GC invocations=61 (full 0):
 garbage-first heap   total 245760K, used 91570K [0x0000000080000000, 0x0000000100000000)
  region size 1024K, 5 young (5120K), 5 survivors (5120K)
 Metaspace       used 90109K, capacity 92290K, committed 92544K, reserved 1130496K
  class space    used 11095K, capacity 11827K, committed 11904K, reserved 1048576K
}
Event: 82.162 GC heap before
{Heap before GC invocations=61 (full 0):
 garbage-first heap   total 245760K, used 158130K [0x0000000080000000, 0x0000000100000000)
  region size 1024K, 71 young (72704K), 5 survivors (5120K)
 Metaspace       used 90476K, capacity 92602K, committed 92800K, reserved 1130496K
  class space    used 11100K, capacity 11831K, committed 11904K, reserved 1048576K
}
Event: 82.281 GC heap after
{Heap after GC invocations=62 (full 0):
 garbage-first heap   total 245760K, used 96951K [0x0000000080000000, 0x0000000100000000)
  region size 1024K, 9 young (9216K), 9 survivors (9216K)
 Metaspace       used 90476K, capacity 92602K, committed 92800K, reserved 1130496K
  class space    used 11100K, capacity 11831K, committed 11904K, reserved 1048576K
}
Event: 84.298 GC heap before
{Heap before GC invocations=62 (full 0):
 garbage-first heap   total 245760K, used 175799K [0x0000000080000000, 0x0000000100000000)
  region size 1024K, 83 young (84992K), 9 survivors (9216K)
 Metaspace       used 90558K, capacity 92734K, committed 92800K, reserved 1130496K
  class space    used 11104K, capacity 11869K, committed 11904K, reserved 1048576K
}
Event: 84.408 GC heap after
{Heap after GC invocations=63 (full 0):
 garbage-first heap   total 245760K, used 110683K [0x0000000080000000, 0x0000000100000000)
  region size 1024K, 11 young (11264K), 11 survivors (11264K)
 Metaspace       used 90558K, capacity 92734K, committed 92800K, reserved 1130496K
  class space    used 11104K, capacity 11869K, committed 11904K, reserved 1048576K
}
Event: 88.335 GC heap before
{Heap before GC invocations=63 (full 0):
 garbage-first heap   total 245760K, used 160859K [0x0000000080000000, 0x0000000100000000)
  region size 1024K, 53 young (54272K), 11 survivors (11264K)
 Metaspace       used 90716K, capacity 92890K, committed 93056K, reserved 1130496K
  class space    used 11107K, capacity 11874K, committed 11904K, reserved 1048576K
}
Event: 88.561 GC heap after
{Heap after GC invocations=64 (full 0):
 garbage-first heap   total 245760K, used 122643K [0x0000000080000000, 0x0000000100000000)
  region size 1024K, 9 young (9216K), 9 survivors (9216K)
 Metaspace       used 90716K, capacity 92890K, committed 93056K, reserved 1130496K
  class space    used 11107K, capacity 11874K, committed 11904K, reserved 1048576K
}
Event: 92.742 GC heap before
{Heap before GC invocations=64 (full 0):
 garbage-first heap   total 245760K, used 176915K [0x0000000080000000, 0x0000000100000000)
  region size 1024K, 64 young (65536K), 9 survivors (9216K)
 Metaspace       used 90759K, capacity 92948K, committed 93056K, reserved 1130496K
  class space    used 11107K, capacity 11873K, committed 11904K, reserved 1048576K
}
Event: 92.863 GC heap after
{Heap after GC invocations=65 (full 0):
 garbage-first heap   total 245760K, used 110592K [0x0000000080000000, 0x0000000100000000)
  region size 1024K, 8 young (8192K), 8 survivors (8192K)
 Metaspace       used 90759K, capacity 92948K, committed 93056K, reserved 1130496K
  class space    used 11107K, capacity 11873K, committed 11904K, reserved 1048576K
}
Event: 96.988 GC heap before
{Heap before GC invocations=66 (full 0):
 garbage-first heap   total 245760K, used 175104K [0x0000000080000000, 0x0000000100000000)
  region size 1024K, 72 young (73728K), 8 survivors (8192K)
 Metaspace       used 92228K, capacity 94498K, committed 94592K, reserved 1132544K
  class space    used 11302K, capacity 12069K, committed 12160K, reserved 1048576K
}
Event: 97.024 GC heap after
{Heap after GC invocations=67 (full 0):
 garbage-first heap   total 245760K, used 106150K [0x0000000080000000, 0x0000000100000000)
  region size 1024K, 2 young (2048K), 2 survivors (2048K)
 Metaspace       used 92228K, capacity 94498K, committed 94592K, reserved 1132544K
  class space    used 11302K, capacity 12069K, committed 12160K, reserved 1048576K
}
Event: 97.740 GC heap before
{Heap before GC invocations=67 (full 0):
 garbage-first heap   total 245760K, used 115366K [0x0000000080000000, 0x0000000100000000)
  region size 1024K, 12 young (12288K), 2 survivors (2048K)
 Metaspace       used 93267K, capacity 95522K, committed 95744K, reserved 1132544K
  class space    used 11432K, capacity 12197K, committed 12288K, reserved 1048576K
}
Event: 97.790 GC heap after
{Heap after GC invocations=68 (full 0):
 garbage-first heap   total 245760K, used 95053K [0x0000000080000000, 0x0000000100000000)
  region size 1024K, 1 young (1024K), 1 survivors (1024K)
 Metaspace       used 93267K, capacity 95522K, committed 95744K, reserved 1132544K
  class space    used 11432K, capacity 12197K, committed 12288K, reserved 1048576K
}

